<?xml version="1.0" encoding="UTF-8"?>
<testsuite name="com.bencullivan.blizzard.http.BlizzardMessageTest" tests="5" skipped="0" failures="0" errors="0" timestamp="2020-08-18T03:17:49" hostname="Benjamins-MacBook-Pro-4.local" time="0.031">
  <properties/>
  <testcase name="messageTest1()" classname="com.bencullivan.blizzard.http.BlizzardMessageTest" time="0.018"/>
  <testcase name="messageTest2()" classname="com.bencullivan.blizzard.http.BlizzardMessageTest" time="0.003"/>
  <testcase name="messageTest3()" classname="com.bencullivan.blizzard.http.BlizzardMessageTest" time="0.002"/>
  <testcase name="messageTest4()" classname="com.bencullivan.blizzard.http.BlizzardMessageTest" time="0.001"/>
  <testcase name="messageHeaderTooLargeTest()" classname="com.bencullivan.blizzard.http.BlizzardMessageTest" time="0.003"/>
  <system-out><![CDATA[]]></system-out>
  <system-err><![CDATA[]]></system-err>
</testsuite>
