<?xml version="1.0" encoding="UTF-8"?>
<testsuite name="com.bencullivan.blizzard.BlizzardStoreTest" tests="1" skipped="0" failures="0" errors="0" timestamp="2020-08-22T00:56:58" hostname="Benjamins-MacBook-Pro-4.local" time="0.034">
  <properties/>
  <testcase name="getTrieTest()" classname="com.bencullivan.blizzard.BlizzardStoreTest" time="0.034"/>
  <system-out><![CDATA[]]></system-out>
  <system-err><![CDATA[]]></system-err>
</testsuite>
